SolidityFile;ETHAddress;ContractName;Type;SLOC;LLOC;CLOC;NF;WMC;NL;NLE;NUMPAR;NOS;DIT;NOA;NOD;CBO;NA;NOI;Avg. McCC;Avg. NL;Avg. NLE;Avg. NUMPAR;Avg. NOS;Avg. NOI
1a637dac5effb60fb4fd4a808fb24914d56d4046_PlaceholderEquityTokenController.sol;1a;IERC223Callback;contract;10;4;3;1;1;0;0;3;0;0;0;6;0;0;0;1.0;0.0;0.0;3.0;0.0;0.0
1a637dac5effb60fb4fd4a808fb24914d56d4046_PlaceholderEquityTokenController.sol;1a;TokenMetadata;contract;77;47;21;4;4;0;0;0;8;1;1;1;0;4;0;1.0;0.0;0.0;0.0;2.0;0.0
1a637dac5effb60fb4fd4a808fb24914d56d4046_PlaceholderEquityTokenController.sol;1a;IERC677Callback;contract;19;10;7;1;1;0;0;4;0;0;0;0;0;0;0;1.0;0.0;0.0;4.0;0.0;0.0
1a637dac5effb60fb4fd4a808fb24914d56d4046_PlaceholderEquityTokenController.sol;1a;ITokenExchangeRateOracle;contract;14;10;3;2;2;0;0;4;0;0;0;0;0;0;0;1.0;0.0;0.0;2.0;0.0;0.0
1a637dac5effb60fb4fd4a808fb24914d56d4046_PlaceholderEquityTokenController.sol;1a;Snapshot;contract;165;115;32;5;15;5;5;10;43;1;1;4;0;0;4;3.0;1.0;1.0;2.0;8.6;0.8
1a637dac5effb60fb4fd4a808fb24914d56d4046_PlaceholderEquityTokenController.sol;1a;ShareholderRights;contract;99;54;36;1;1;0;0;0;15;1;1;0;0;14;0;1.0;0.0;0.0;0.0;15.0;0.0
1a637dac5effb60fb4fd4a808fb24914d56d4046_PlaceholderEquityTokenController.sol;1a;StandardSnapshotToken;contract;22;13;8;0;0;0;0;0;0;4;16;1;1;0;0;0.0;0.0;0.0;0.0;0.0;0.0
1a637dac5effb60fb4fd4a808fb24914d56d4046_PlaceholderEquityTokenController.sol;1a;IsContract;contract;17;11;4;1;1;0;0;1;3;0;0;1;0;0;0;1.0;0.0;0.0;1.0;3.0;0.0
1a637dac5effb60fb4fd4a808fb24914d56d4046_PlaceholderEquityTokenController.sol;1a;ISnapshotable;contract;25;10;10;2;2;0;0;0;0;0;0;2;0;0;0;1.0;0.0;0.0;0.0;0.0;0.0
1a637dac5effb60fb4fd4a808fb24914d56d4046_PlaceholderEquityTokenController.sol;1a;IAccessControlled;contract;32;13;13;2;2;0;0;2;0;0;0;6;1;0;0;1.0;0.0;0.0;1.0;0.0;0.0
1a637dac5effb60fb4fd4a808fb24914d56d4046_PlaceholderEquityTokenController.sol;1a;MTokenController;contract;2;2;0;0;0;0;0;0;0;1;2;0;0;0;0;0.0;0.0;0.0;0.0;0.0;0.0
1a637dac5effb60fb4fd4a808fb24914d56d4046_PlaceholderEquityTokenController.sol;1a;ETODurationTerms;contract;44;22;13;1;1;0;0;0;5;1;1;0;0;4;0;1.0;0.0;0.0;0.0;5.0;0.0
1a637dac5effb60fb4fd4a808fb24914d56d4046_PlaceholderEquityTokenController.sol;1a;IIdentityRegistry;contract;25;9;11;2;2;0;0;4;0;0;0;0;0;0;0;1.0;0.0;0.0;2.0;0.0;0.0
1a637dac5effb60fb4fd4a808fb24914d56d4046_PlaceholderEquityTokenController.sol;1a;MTokenAllowanceController;contract;37;16;18;2;2;0;0;5;0;0;0;4;0;0;0;1.0;0.0;0.0;2.5;0.0;0.0
1a637dac5effb60fb4fd4a808fb24914d56d4046_PlaceholderEquityTokenController.sol;1a;IEquityToken;contract;34;16;10;9;9;0;0;5;0;3;9;0;0;0;0;1.0;0.0;0.0;0.5555555555555556;0.0;0.0
1a637dac5effb60fb4fd4a808fb24914d56d4046_PlaceholderEquityTokenController.sol;1a;Reclaimable;contract;25;15;6;1;2;1;1;1;5;2;4;1;1;1;3;2.0;1.0;1.0;1.0;5.0;3.0
1a637dac5effb60fb4fd4a808fb24914d56d4046_PlaceholderEquityTokenController.sol;1a;AccessControlled;contract;60;27;21;2;2;0;0;2;9;1;2;5;1;1;1;1.0;0.0;0.0;1.0;4.5;0.5
1a637dac5effb60fb4fd4a808fb24914d56d4046_PlaceholderEquityTokenController.sol;1a;IETOCommitmentObserver;contract;4;4;0;2;2;0;0;2;0;1;1;2;0;0;0;1.0;0.0;0.0;1.0;0.0;0.0
1a637dac5effb60fb4fd4a808fb24914d56d4046_PlaceholderEquityTokenController.sol;1a;Math;contract;96;70;15;9;9;0;0;19;14;0;0;2;0;0;6;1.0;0.0;0.0;2.111111111111111;1.5555555555555556;0.6666666666666666
1a637dac5effb60fb4fd4a808fb24914d56d4046_PlaceholderEquityTokenController.sol;1a;PlatformTerms;contract;89;45;30;4;4;0;0;3;5;1;2;0;0;18;2;1.0;0.0;0.0;0.75;1.25;0.5
1a637dac5effb60fb4fd4a808fb24914d56d4046_PlaceholderEquityTokenController.sol;1a;NeumarkIssuanceCurve;contract;189;105;69;7;12;3;3;12;42;0;0;1;0;7;13;1.7142857142857142;0.42857142857142855;0.42857142857142855;1.7142857142857142;6.0;1.8571428571428572
1a637dac5effb60fb4fd4a808fb24914d56d4046_PlaceholderEquityTokenController.sol;1a;ITokenMetadata;contract;21;14;3;3;3;0;0;0;0;0;0;4;0;0;0;1.0;0.0;0.0;0.0;0.0;0.0
1a637dac5effb60fb4fd4a808fb24914d56d4046_PlaceholderEquityTokenController.sol;1a;IEquityTokenController;contract;13;11;2;1;1;0;0;3;0;2;5;1;0;0;0;1.0;0.0;0.0;3.0;0.0;0.0
1a637dac5effb60fb4fd4a808fb24914d56d4046_PlaceholderEquityTokenController.sol;1a;PlaceholderEquityTokenController;contract;508;359;81;33;39;4;4;47;162;3;14;0;5;11;44;1.1818181818181819;0.12121212121212122;0.12121212121212122;1.4242424242424243;4.909090909090909;1.3333333333333333
1a637dac5effb60fb4fd4a808fb24914d56d4046_PlaceholderEquityTokenController.sol;1a;ITokenSnapshots;contract;32;14;14;3;3;0;0;3;0;0;0;6;0;0;0;1.0;0.0;0.0;1.0;0.0;0.0
1a637dac5effb60fb4fd4a808fb24914d56d4046_PlaceholderEquityTokenController.sol;1a;Daily;contract;73;38;23;4;4;0;0;2;9;1;1;2;0;1;5;1.0;0.0;0.0;0.5;2.25;1.25
1a637dac5effb60fb4fd4a808fb24914d56d4046_PlaceholderEquityTokenController.sol;1a;ETOTerms;contract;422;278;95;13;22;6;6;24;130;1;3;0;6;25;33;1.6923076923076923;0.46153846153846156;0.46153846153846156;1.8461538461538463;10.0;2.5384615384615383
1a637dac5effb60fb4fd4a808fb24914d56d4046_PlaceholderEquityTokenController.sol;1a;DailyAndSnapshotable;contract;86;46;24;3;5;2;2;0;15;2;3;1;0;1;3;1.6666666666666667;0.6666666666666666;0.6666666666666666;0.0;5.0;1.0
1a637dac5effb60fb4fd4a808fb24914d56d4046_PlaceholderEquityTokenController.sol;1a;IAccessPolicy;contract;22;10;10;1;1;0;0;4;0;0;0;0;0;0;0;1.0;0.0;0.0;4.0;0.0;0.0
1a637dac5effb60fb4fd4a808fb24914d56d4046_PlaceholderEquityTokenController.sol;1a;ITokenControllerHook;contract;28;13;9;2;2;0;0;1;0;0;0;1;0;0;0;1.0;0.0;0.0;0.5;0.0;0.0
1a637dac5effb60fb4fd4a808fb24914d56d4046_PlaceholderEquityTokenController.sol;1a;ETOTokenTerms;contract;51;27;17;1;1;0;0;0;10;1;1;0;0;6;0;1.0;0.0;0.0;0.0;10.0;0.0
1a637dac5effb60fb4fd4a808fb24914d56d4046_PlaceholderEquityTokenController.sol;1a;IClonedTokenParent;contract;20;10;6;2;2;0;0;0;0;1;1;5;1;0;0;1.0;0.0;0.0;0.0;0.0;0.0
1a637dac5effb60fb4fd4a808fb24914d56d4046_PlaceholderEquityTokenController.sol;1a;Neumark;contract;235;158;49;13;14;1;1;21;26;5;32;0;3;10;17;1.0769230769230769;0.07692307692307693;0.07692307692307693;1.6153846153846154;2.0;1.3076923076923077
1a637dac5effb60fb4fd4a808fb24914d56d4046_PlaceholderEquityTokenController.sol;1a;MintableSnapshotToken;contract;68;41;17;2;2;0;0;4;21;3;9;2;1;0;9;1.0;0.0;0.0;2.0;10.5;4.5
1a637dac5effb60fb4fd4a808fb24914d56d4046_PlaceholderEquityTokenController.sol;1a;KnownInterfaces;contract;85;26;32;0;0;0;0;0;0;0;0;2;0;24;0;0.0;0.0;0.0;0.0;0.0;0.0
1a637dac5effb60fb4fd4a808fb24914d56d4046_PlaceholderEquityTokenController.sol;1a;IContractId;contract;5;3;2;1;1;0;0;0;0;0;0;7;0;0;0;1.0;0.0;0.0;0.0;0.0;0.0
1a637dac5effb60fb4fd4a808fb24914d56d4046_PlaceholderEquityTokenController.sol;1a;BasicSnapshotToken;contract;274;152;85;12;17;3;3;13;47;2;7;3;1;4;19;1.4166666666666667;0.25;0.25;1.0833333333333333;3.9166666666666665;1.5833333333333333
1a637dac5effb60fb4fd4a808fb24914d56d4046_PlaceholderEquityTokenController.sol;1a;IControllerGovernance;contract;181;113;57;13;13;0;0;8;0;1;1;1;2;0;0;1.0;0.0;0.0;0.6153846153846154;0.0;0.0
1a637dac5effb60fb4fd4a808fb24914d56d4046_PlaceholderEquityTokenController.sol;1a;MTokenTransferController;contract;21;9;9;1;1;0;0;3;0;0;0;5;0;0;0;1.0;0.0;0.0;3.0;0.0;0.0
1a637dac5effb60fb4fd4a808fb24914d56d4046_PlaceholderEquityTokenController.sol;1a;MSnapshotPolicy;contract;24;9;11;2;2;0;0;0;0;0;0;7;0;0;0;1.0;0.0;0.0;0.0;0.0;0.0
1a637dac5effb60fb4fd4a808fb24914d56d4046_PlaceholderEquityTokenController.sol;1a;MTokenMint;contract;20;6;11;2;2;0;0;4;0;0;0;3;0;0;0;1.0;0.0;0.0;2.0;0.0;0.0
1a637dac5effb60fb4fd4a808fb24914d56d4046_PlaceholderEquityTokenController.sol;1a;MTokenTransfer;contract;19;8;9;1;1;0;0;3;0;0;0;5;0;0;0;1.0;0.0;0.0;3.0;0.0;0.0
1a637dac5effb60fb4fd4a808fb24914d56d4046_PlaceholderEquityTokenController.sol;1a;IERC20Allowance;contract;47;17;23;3;3;0;0;7;0;0;0;8;0;0;0;1.0;0.0;0.0;2.3333333333333335;0.0;0.0
1a637dac5effb60fb4fd4a808fb24914d56d4046_PlaceholderEquityTokenController.sol;1a;IERC20Token;contract;3;2;0;0;0;0;0;0;0;1;2;6;0;0;0;0.0;0.0;0.0;0.0;0.0;0.0
1a637dac5effb60fb4fd4a808fb24914d56d4046_PlaceholderEquityTokenController.sol;1a;IERC677Allowance;contract;18;5;10;1;1;0;0;3;0;1;1;4;0;0;0;1.0;0.0;0.0;3.0;0.0;0.0
1a637dac5effb60fb4fd4a808fb24914d56d4046_PlaceholderEquityTokenController.sol;1a;IFeeDisbursal;contract;6;4;1;2;2;0;0;0;0;1;1;0;0;0;0;1.0;0.0;0.0;0.0;0.0;0.0
1a637dac5effb60fb4fd4a808fb24914d56d4046_PlaceholderEquityTokenController.sol;1a;ITokenController;contract;50;26;17;6;6;0;0;17;0;0;0;2;0;0;0;1.0;0.0;0.0;2.8333333333333335;0.0;0.0
1a637dac5effb60fb4fd4a808fb24914d56d4046_PlaceholderEquityTokenController.sol;1a;IERC223LegacyCallback;contract;10;4;3;1;1;0;0;3;0;0;0;0;0;0;0;1.0;0.0;0.0;3.0;0.0;0.0
1a637dac5effb60fb4fd4a808fb24914d56d4046_PlaceholderEquityTokenController.sol;1a;AccessRoles;contract;53;16;20;0;0;0;0;0;0;0;0;5;0;14;0;0.0;0.0;0.0;0.0;0.0;0.0
1a637dac5effb60fb4fd4a808fb24914d56d4046_PlaceholderEquityTokenController.sol;1a;IETOCommitmentStates;contract;19;12;8;0;0;0;0;0;0;0;0;4;0;1;0;0.0;0.0;0.0;0.0;0.0;0.0
1a637dac5effb60fb4fd4a808fb24914d56d4046_PlaceholderEquityTokenController.sol;1a;IAgreement;contract;57;38;11;5;5;0;0;3;0;0;0;9;0;0;0;1.0;0.0;0.0;0.6;0.0;0.0
1a637dac5effb60fb4fd4a808fb24914d56d4046_PlaceholderEquityTokenController.sol;1a;IBasicToken;contract;39;18;14;3;3;0;0;3;0;0;0;9;0;0;0;1.0;0.0;0.0;1.0;0.0;0.0
1a637dac5effb60fb4fd4a808fb24914d56d4046_PlaceholderEquityTokenController.sol;1a;IPlatformPortfolio;contract;3;2;1;0;0;0;0;0;0;1;1;0;0;0;0;0.0;0.0;0.0;0.0;0.0;0.0
1a637dac5effb60fb4fd4a808fb24914d56d4046_PlaceholderEquityTokenController.sol;1a;Agreement;contract;171;117;31;8;9;1;1;5;23;2;5;3;2;3;6;1.125;0.125;0.125;0.625;2.875;0.75
1a637dac5effb60fb4fd4a808fb24914d56d4046_PlaceholderEquityTokenController.sol;1a;IEthereumForkArbiter;contract;52;35;6;6;6;0;0;0;0;0;0;0;0;0;0;1.0;0.0;0.0;0.0;0.0;0.0
1a637dac5effb60fb4fd4a808fb24914d56d4046_PlaceholderEquityTokenController.sol;1a;IETOCommitment;contract;159;89;40;15;15;0;0;4;0;2;4;0;3;0;0;1.0;0.0;0.0;0.26666666666666666;0.0;0.0
1a637dac5effb60fb4fd4a808fb24914d56d4046_PlaceholderEquityTokenController.sol;1a;IERC223Token;contract;28;5;16;1;1;0;0;3;0;2;4;2;0;0;0;1.0;0.0;0.0;3.0;0.0;0.0
1a637dac5effb60fb4fd4a808fb24914d56d4046_PlaceholderEquityTokenController.sol;1a;TokenAllowance;contract;147;73;56;5;7;2;2;12;21;3;7;2;0;1;8;1.4;0.4;0.4;2.4;4.2;1.6
1a637dac5effb60fb4fd4a808fb24914d56d4046_PlaceholderEquityTokenController.sol;1a;StandardRoles;contract;10;3;5;0;0;0;0;0;0;0;0;6;0;1;0;0.0;0.0;0.0;0.0;0.0;0.0
1a637dac5effb60fb4fd4a808fb24914d56d4046_PlaceholderEquityTokenController.sol;1a;IdentityRecord;contract;32;16;16;1;1;0;0;1;1;0;0;1;0;0;0;1.0;0.0;0.0;1.0;1.0;0.0
1a637dac5effb60fb4fd4a808fb24914d56d4046_PlaceholderEquityTokenController.sol;1a;IERC677Token;contract;2;2;0;0;0;0;0;0;0;2;4;3;0;0;0;0.0;0.0;0.0;0.0;0.0;0.0
1a637dac5effb60fb4fd4a808fb24914d56d4046_PlaceholderEquityTokenController.sol;1a;Universe;contract;333;242;46;32;48;13;13;31;89;3;8;0;4;3;24;1.5;0.40625;0.40625;0.96875;2.78125;0.75
1a637dac5effb60fb4fd4a808fb24914d56d4046_PlaceholderEquityTokenController.sol;1a;ICommitment;contract;56;28;19;5;5;0;0;3;0;1;2;1;0;0;0;1.0;0.0;0.0;0.6;0.0;0.0
